<?xml version="1.0" encoding="UTF-8"?>
<!-- Generated by org.testng.reporters.JUnitXMLReporter -->
<testsuite hostname="ALOHA08-PC" ignored="4" name="Verify Cloud Popflow Test Cases" tests="20" failures="0" timestamp="15 Oct 2020 09:02:34 GMT" time="812.833" errors="0">
  <testcase name="verifyPopflowVersion" time="16.77" classname="com.popflow.Automation.testcases.PopFlowHomePageTest"/>
  <testcase name="verifyLoginWithValidCRMCredentials" time="17.591" classname="com.popflow.Automation.testcases.PopFlowHomePageTest"/>
  <testcase name="verifyAddNewWorkflowFunctionality" time="21.343" classname="com.popflow.Automation.testcases.PopFlowHomePageTest"/>
  <testcase name="verifyEditWorkflowFunctionality" time="23.921" classname="com.popflow.Automation.testcases.PopFlowHomePageTest"/>
  <testcase name="verifyDeleteWorkflowFunctionality" time="20.987" classname="com.popflow.Automation.testcases.PopFlowHomePageTest"/>
  <testcase name="verifyDuplicateWorkflowFuncttionality" time="24.078" classname="com.popflow.Automation.testcases.PopFlowHomePageTest"/>
  <testcase name="verifyAddNewCustomEventFunctionality" time="22.731" classname="com.popflow.Automation.testcases.PopFlowHomePageTest"/>
  <testcase name="verifyEditWorkflowDescriptionFunctionality" time="26.928" classname="com.popflow.Automation.testcases.PopFlowHomePageTest"/>
  <testcase name="verifyErroMessageForLongWFDescrition" time="64.581" classname="com.popflow.Automation.testcases.PopFlowHomePageTest"/>
  <testcase name="verifyErroMessageForLongWFName" time="21.951" classname="com.popflow.Automation.testcases.PopFlowHomePageTest"/>
  <testcase name="verifyPopflowEvents" time="22.236" classname="com.popflow.Automation.testcases.PopFlowHomePageTest"/>
  <testcase name="verifyImportWorkflowFunctionality" time="31.696" classname="com.popflow.Automation.testcases.PopFlowHomePageTest"/>
  <testcase name="verifyImportOverrideWorkflowFunctionality" time="33.331" classname="com.popflow.Automation.testcases.PopFlowHomePageTest"/>
  <testcase name="verifyImportWorkflowFunctionalityWithOptionNew" time="34.111" classname="com.popflow.Automation.testcases.PopFlowHomePageTest"/>
  <testcase name="verifyCRMInsatnceNavigation" time="19.618" classname="com.popflow.Automation.testcases.PopFlowHomePageTest"/>
  <testcase name="verifyAddingCreateWorkspaceActivity" time="34.573" classname="com.popflow.Automation.testcases.CreateWorkspaceActivityTest"/>
  <testcase name="verifyEditActivity" time="43.479" classname="com.popflow.Automation.testcases.CreateWorkspaceActivityTest"/>
  <testcase name="verifyDeleteActivity" time="40.927" classname="com.popflow.Automation.testcases.CreateWorkspaceActivityTest"/>
  <testcase name="verifyPinActivity" time="38.038" classname="com.popflow.Automation.testcases.CreateWorkspaceActivityTest"/>
  <testcase name="verifyCopyActivity" time="41.022" classname="com.popflow.Automation.testcases.CreateWorkspaceActivityTest"/>
  <testcase name="@BeforeSuite setuSuite" time="0.0" classname="com.popflow.Automation.base.TestBase">
    <ignored/>
  </testcase> <!-- @BeforeSuite setuSuite -->
  <testcase name="verifyCustomEventDeleteFunctioanlity" time="0.0" classname="com.popflow.Automation.testcases.PopFlowHomePageTest">
    <ignored/>
  </testcase> <!-- verifyCustomEventDeleteFunctioanlity -->
  <testcase name="verifyloginWithInvalidCRMCredentials" time="0.0" classname="com.popflow.Automation.testcases.PopFlowHomePageTest">
    <ignored/>
  </testcase> <!-- verifyloginWithInvalidCRMCredentials -->
  <testcase name="@AfterSuite afterSuite" time="0.0" classname="com.popflow.Automation.base.TestBase">
    <ignored/>
  </testcase> <!-- @AfterSuite afterSuite -->
</testsuite> <!-- Verify Cloud Popflow Test Cases -->
