<?xml version="1.0" encoding="UTF-8"?>
<!-- Generated by org.testng.reporters.JUnitXMLReporter -->
<testsuite hostname="ALOHA08-PC" ignored="16" name="Verify Cloud Popflow Test Cases" tests="1" failures="0" timestamp="01 Dec 2020 13:10:15 GMT" time="32.995" errors="0">
  <testcase name="verifyErroMessageForLongWFName" time="21.991" classname="com.popflow.Automation.testcases.PopFlowHomePageTest"/>
  <testcase name="verifyCustomEventDeleteFunctioanlity" time="0.0" classname="com.popflow.Automation.testcases.PopFlowHomePageTest">
    <ignored/>
  </testcase> <!-- verifyCustomEventDeleteFunctioanlity -->
  <testcase name="verifyLoginWithValidCRMCredentials" time="0.0" classname="com.popflow.Automation.testcases.PopFlowHomePageTest">
    <ignored/>
  </testcase> <!-- verifyLoginWithValidCRMCredentials -->
  <testcase name="verifyPopflowEvents" time="0.0" classname="com.popflow.Automation.testcases.PopFlowHomePageTest">
    <ignored/>
  </testcase> <!-- verifyPopflowEvents -->
  <testcase name="verifyImportOverrideWorkflowFunctionality" time="0.0" classname="com.popflow.Automation.testcases.PopFlowHomePageTest">
    <ignored/>
  </testcase> <!-- verifyImportOverrideWorkflowFunctionality -->
  <testcase name="verifyCRMInsatnceNavigation" time="0.0" classname="com.popflow.Automation.testcases.PopFlowHomePageTest">
    <ignored/>
  </testcase> <!-- verifyCRMInsatnceNavigation -->
  <testcase name="verifyEditWorkflowDescriptionFunctionality" time="0.0" classname="com.popflow.Automation.testcases.PopFlowHomePageTest">
    <ignored/>
  </testcase> <!-- verifyEditWorkflowDescriptionFunctionality -->
  <testcase name="verifyDeleteWorkflowFunctionality" time="0.0" classname="com.popflow.Automation.testcases.PopFlowHomePageTest">
    <ignored/>
  </testcase> <!-- verifyDeleteWorkflowFunctionality -->
  <testcase name="verifyAddNewCustomEventFunctionality" time="0.0" classname="com.popflow.Automation.testcases.PopFlowHomePageTest">
    <ignored/>
  </testcase> <!-- verifyAddNewCustomEventFunctionality -->
  <testcase name="verifyErroMessageForLongWFDescrition" time="0.0" classname="com.popflow.Automation.testcases.PopFlowHomePageTest">
    <ignored/>
  </testcase> <!-- verifyErroMessageForLongWFDescrition -->
  <testcase name="verifyAddNewWorkflowFunctionality" time="0.0" classname="com.popflow.Automation.testcases.PopFlowHomePageTest">
    <ignored/>
  </testcase> <!-- verifyAddNewWorkflowFunctionality -->
  <testcase name="verifyImportWorkflowFunctionality" time="0.0" classname="com.popflow.Automation.testcases.PopFlowHomePageTest">
    <ignored/>
  </testcase> <!-- verifyImportWorkflowFunctionality -->
  <testcase name="verifyloginWithInvalidCRMCredentials" time="0.0" classname="com.popflow.Automation.testcases.PopFlowHomePageTest">
    <ignored/>
  </testcase> <!-- verifyloginWithInvalidCRMCredentials -->
  <testcase name="verifyPopflowVersion" time="0.0" classname="com.popflow.Automation.testcases.PopFlowHomePageTest">
    <ignored/>
  </testcase> <!-- verifyPopflowVersion -->
  <testcase name="verifyImportWorkflowFunctionalityWithOptionNew" time="0.0" classname="com.popflow.Automation.testcases.PopFlowHomePageTest">
    <ignored/>
  </testcase> <!-- verifyImportWorkflowFunctionalityWithOptionNew -->
  <testcase name="verifyEditWorkflowFunctionality" time="0.0" classname="com.popflow.Automation.testcases.PopFlowHomePageTest">
    <ignored/>
  </testcase> <!-- verifyEditWorkflowFunctionality -->
  <testcase name="verifyDuplicateWorkflowFuncttionality" time="0.0" classname="com.popflow.Automation.testcases.PopFlowHomePageTest">
    <ignored/>
  </testcase> <!-- verifyDuplicateWorkflowFuncttionality -->
</testsuite> <!-- Verify Cloud Popflow Test Cases -->
