<?xml version="1.0" encoding="UTF-8"?>
<testng-results skipped="0" failed="0" ignored="4" total="5" passed="1">
  <reporter-output>
  </reporter-output>
  <suite name="Suite" duration-ms="50897" started-at="2021-06-12T13:01:27Z" finished-at="2021-06-12T13:02:18Z">
    <groups>
    </groups>
    <test name="Verify Cloud Popflow Test Cases" duration-ms="50897" started-at="2021-06-12T13:01:27Z" finished-at="2021-06-12T13:02:18Z">
      <class name="com.popflow.Automation.testcases.SetInteractionDataTest">
        <test-method status="PASS" signature="setuSuite()[pri:0, instance:com.popflow.Automation.testcases.SetInteractionDataTest@2758fe70]" name="setuSuite" is-config="true" duration-ms="109" started-at="2021-06-12T13:01:27Z" finished-at="2021-06-12T13:01:27Z">
          <reporter-output>
          </reporter-output>
        </test-method> <!-- setuSuite -->
        <test-method status="PASS" signature="beforeclass()[pri:0, instance:com.popflow.Automation.testcases.SetInteractionDataTest@2758fe70]" name="beforeclass" is-config="true" duration-ms="0" started-at="2021-06-12T13:01:27Z" finished-at="2021-06-12T13:01:27Z">
          <reporter-output>
          </reporter-output>
        </test-method> <!-- beforeclass -->
        <test-method status="PASS" signature="initialization()[pri:0, instance:com.popflow.Automation.testcases.SetInteractionDataTest@2758fe70]" name="initialization" is-config="true" duration-ms="9898" started-at="2021-06-12T13:01:27Z" finished-at="2021-06-12T13:01:37Z">
          <reporter-output>
          </reporter-output>
        </test-method> <!-- initialization -->
        <test-method status="PASS" signature="verifyDeleteSetValueActivity()[pri:0, instance:com.popflow.Automation.testcases.SetInteractionDataTest@2758fe70]" name="verifyDeleteSetValueActivity" duration-ms="39905" started-at="2021-06-12T13:01:37Z" finished-at="2021-06-12T13:02:17Z">
          <reporter-output>
          </reporter-output>
        </test-method> <!-- verifyDeleteSetValueActivity -->
        <test-method status="PASS" signature="tearDown(org.testng.ITestResult)[pri:0, instance:com.popflow.Automation.testcases.SetInteractionDataTest@2758fe70]" name="tearDown" is-config="true" duration-ms="1078" started-at="2021-06-12T13:02:17Z" finished-at="2021-06-12T13:02:18Z">
          <params>
            <param index="0">
              <value>
                <![CDATA[[TestResult name=verifyDeleteSetValueActivity status=SUCCESS method=SetInteractionDataTest.verifyDeleteSetValueActivity()[pri:0, instance:com.popflow.Automation.testcases.SetInteractionDataTest@2758fe70] output={null}]]]>
              </value>
            </param>
          </params>
          <reporter-output>
          </reporter-output>
        </test-method> <!-- tearDown -->
        <test-method status="PASS" signature="afterSuite()[pri:0, instance:com.popflow.Automation.testcases.SetInteractionDataTest@2758fe70]" name="afterSuite" is-config="true" duration-ms="265" started-at="2021-06-12T13:02:18Z" finished-at="2021-06-12T13:02:18Z">
          <reporter-output>
          </reporter-output>
        </test-method> <!-- afterSuite -->
      </class> <!-- com.popflow.Automation.testcases.SetInteractionDataTest -->
    </test> <!-- Verify Cloud Popflow Test Cases -->
  </suite> <!-- Suite -->
</testng-results>
